## Footprint report - date 07/20/18 00:23:19
## Created by Pcbnew version kicad 4.0.7
## Unit = mm, Angle = deg.

$BeginDESCRIPTION

$BOARD
upper_left_corner 39.005000 41.674999
lower_right_corner 107.575001 108.903001
$EndBOARD

$MODULE "J7"
reference "J7"
value "gat2"
footprint "Mounting_Holes:MountingHole_2.5mm_Pad"
attribut virtual
position 103.000000 98.750000  orientation 0.00
layer front
$PAD "1"
Shape Cirkel Layer both
position  0.000000  0.000000  size  5.000000  5.000000  orientation 0.00
drill  2.500000
shape_offset  0.000000  0.000000
$EndPAD
$EndMODULE  J7

$MODULE "J6"
reference "J6"
value "gat1"
footprint "Mounting_Holes:MountingHole_2.5mm_Pad"
attribut virtual
position 51.750000 79.750000  orientation 0.00
layer front
$PAD "1"
Shape Cirkel Layer both
position  0.000000  0.000000  size  5.000000  5.000000  orientation 0.00
drill  2.500000
shape_offset  0.000000  0.000000
$EndPAD
$EndMODULE  J6

$MODULE "C1"
reference "C1"
value "CP_220uF"
footprint "Capacitors_THT:CP_Radial_D8.0mm_P2.50mm"
attribut none
position 74.500000 83.500000  orientation 0.00
layer front
$PAD "1"
Shape Vierkant Layer both
position  0.000000  0.000000  size  1.600000  1.600000  orientation 0.00
drill  0.800000
shape_offset  0.000000  0.000000
$EndPAD
$PAD "2"
Shape Cirkel Layer both
position  2.500000  0.000000  size  1.600000  1.600000  orientation 0.00
drill  0.800000
shape_offset  0.000000  0.000000
$EndPAD
$EndMODULE  C1

$MODULE "D1"
reference "D1"
value "Liggie"
footprint "LEDs:LED_D3.0mm"
attribut none
position 102.500000 79.250000  orientation 90.00
layer front
$PAD "1"
Shape Vierkant Layer both
position  0.000000  0.000000  size  1.800000  1.800000  orientation 0.00
drill  0.900000
shape_offset  0.000000  0.000000
$EndPAD
$PAD "2"
Shape Cirkel Layer both
position  2.540000  0.000000  size  1.800000  1.800000  orientation 0.00
drill  0.900000
shape_offset  0.000000  0.000000
$EndPAD
$EndMODULE  D1

$MODULE "J1"
reference "J1"
value "Arduino_in"
footprint "Pin_Headers:Pin_Header_Angled_1x04_Pitch2.54mm"
attribut none
position 73.000000 55.500000  orientation 90.00
layer front
$PAD "1"
Shape Vierkant Layer both
position  0.000000  0.000000  size  1.700000  1.700000  orientation 0.00
drill  1.000000
shape_offset  0.000000  0.000000
$EndPAD
$PAD "2"
Shape Ovaal Layer both
position  0.000000  2.540000  size  1.700000  1.700000  orientation 0.00
drill  1.000000
shape_offset  0.000000  0.000000
$EndPAD
$PAD "3"
Shape Ovaal Layer both
position  0.000000  5.080000  size  1.700000  1.700000  orientation 0.00
drill  1.000000
shape_offset  0.000000  0.000000
$EndPAD
$PAD "4"
Shape Ovaal Layer both
position  0.000000  7.620000  size  1.700000  1.700000  orientation 0.00
drill  1.000000
shape_offset  0.000000  0.000000
$EndPAD
$EndMODULE  J1

$MODULE "J3"
reference "J3"
value "OLED_wit"
footprint "Pin_Headers:Pin_Header_Angled_1x04_Pitch2.54mm"
attribut none
position 42.500000 55.750000  orientation 90.00
layer front
$PAD "1"
Shape Vierkant Layer both
position  0.000000  0.000000  size  1.700000  1.700000  orientation 0.00
drill  1.000000
shape_offset  0.000000  0.000000
$EndPAD
$PAD "2"
Shape Ovaal Layer both
position  0.000000  2.540000  size  1.700000  1.700000  orientation 0.00
drill  1.000000
shape_offset  0.000000  0.000000
$EndPAD
$PAD "3"
Shape Ovaal Layer both
position  0.000000  5.080000  size  1.700000  1.700000  orientation 0.00
drill  1.000000
shape_offset  0.000000  0.000000
$EndPAD
$PAD "4"
Shape Ovaal Layer both
position  0.000000  7.620000  size  1.700000  1.700000  orientation 0.00
drill  1.000000
shape_offset  0.000000  0.000000
$EndPAD
$EndMODULE  J3

$MODULE "J4"
reference "J4"
value "I2C_in"
footprint "Pin_Headers:Pin_Header_Angled_1x04_Pitch2.54mm"
attribut none
position 56.500000 55.500000  orientation 90.00
layer front
$PAD "1"
Shape Vierkant Layer both
position  0.000000  0.000000  size  1.700000  1.700000  orientation 0.00
drill  1.000000
shape_offset  0.000000  0.000000
$EndPAD
$PAD "2"
Shape Ovaal Layer both
position  0.000000  2.540000  size  1.700000  1.700000  orientation 0.00
drill  1.000000
shape_offset  0.000000  0.000000
$EndPAD
$PAD "3"
Shape Ovaal Layer both
position  0.000000  5.080000  size  1.700000  1.700000  orientation 0.00
drill  1.000000
shape_offset  0.000000  0.000000
$EndPAD
$PAD "4"
Shape Ovaal Layer both
position  0.000000  7.620000  size  1.700000  1.700000  orientation 0.00
drill  1.000000
shape_offset  0.000000  0.000000
$EndPAD
$EndMODULE  J4

$MODULE "J5"
reference "J5"
value "LOGO"
footprint "lib_michiel:Sovjet_simpits_logo01"
attribut none
position 65.250000 86.750000  orientation 0.00
layer front
$EndMODULE  J5

$MODULE "J8"
reference "J8"
value "geluid_uit"
footprint "lib_michiel:3.5mm_stereo_TRS_jack_A-853_Tayda_"
attribut none
position 61.000000 100.250000  orientation 180.00
layer front
$PAD "1"
Shape Vierkant Layer both
position  0.000000 -1.596000  size  3.500000  2.500000  orientation 0.00
drill  1.200000
shape_offset  0.000000  0.000000
$EndPAD
$PAD "2"
Shape Ovaal Layer both
position  5.000000  3.410000  size  1.750000  3.500000  orientation 0.00
drill  1.200000
shape_offset  0.000000  0.000000
$EndPAD
$PAD "3"
Shape Ovaal Layer both
position -5.000000  3.410000  size  1.750000  3.500000  orientation 0.00
drill  1.200000
shape_offset  0.000000  0.000000
$EndPAD
$PAD "4"
Shape Ovaal Layer both
position  2.500000  3.410000  size  1.750000  3.500000  orientation 0.00
drill  1.200000
shape_offset  0.000000  0.000000
$EndPAD
$PAD "5"
Shape Ovaal Layer both
position -2.500000  3.410000  size  1.750000  3.500000  orientation 0.00
drill  1.200000
shape_offset  0.000000  0.000000
$EndPAD
$EndMODULE  J8

$MODULE "R2"
reference "R2"
value "330"
footprint "w_pth_resistors:RC03"
attribut none
position 91.500000 77.750000  orientation 180.00
layer front
$PAD "1"
Shape Cirkel Layer both
position -3.810000  0.000000  size  1.998980  1.998980  orientation 0.00
drill  0.800100
shape_offset  0.000000  0.000000
$EndPAD
$PAD "2"
Shape Cirkel Layer both
position  3.810000  0.000000  size  1.998980  1.998980  orientation 0.00
drill  0.800100
shape_offset  0.000000  0.000000
$EndPAD
$EndMODULE  R2

$MODULE "R3"
reference "R3"
value "R1k"
footprint "w_pth_resistors:RC03"
attribut none
position 88.750000 102.250000  orientation 180.00
layer front
$PAD "1"
Shape Cirkel Layer both
position -3.810000  0.000000  size  1.998980  1.998980  orientation 0.00
drill  0.800100
shape_offset  0.000000  0.000000
$EndPAD
$PAD "2"
Shape Cirkel Layer both
position  3.810000  0.000000  size  1.998980  1.998980  orientation 0.00
drill  0.800100
shape_offset  0.000000  0.000000
$EndPAD
$EndMODULE  R3

$MODULE "RV1"
reference "RV1"
value "POT_50k"
footprint "w_pth_resistors:trimmer_ecp_ca9-v10"
attribut none
position 60.250000 83.500000  orientation 180.00
layer front
$PAD "1"
Shape Cirkel Layer both
position  2.499360 -5.001260  size  1.998980  1.998980  orientation 0.00
drill  1.300480
shape_offset  0.000000  0.000000
$EndPAD
$PAD "2"
Shape Cirkel Layer both
position  0.000000  5.001260  size  1.998980  1.998980  orientation 0.00
drill  1.300480
shape_offset  0.000000  0.000000
$EndPAD
$PAD "3"
Shape Cirkel Layer both
position -2.499360 -5.001260  size  1.998980  1.998980  orientation 0.00
drill  1.300480
shape_offset  0.000000  0.000000
$EndPAD
$PAD ""
Shape Cirkel Layer both
position  0.000000  0.000000  size  4.000500  4.000500  orientation 0.00
drill  4.000500
shape_offset  0.000000  0.000000
$EndPAD
$EndMODULE  RV1

$MODULE "U1"
reference "U1"
value "PCF8574"
footprint "w_pth_circuits:dil_16-300_socket"
attribut none
position 64.250000 67.000000  orientation 180.00
layer front
$PAD "1"
Shape Ovaal Layer both
position -8.890000  3.810000  size  1.501140  2.199640  orientation 0.00
drill  0.800100
shape_offset  0.000000  0.000000
$EndPAD
$PAD "2"
Shape Ovaal Layer both
position -6.350000  3.810000  size  1.501140  2.199640  orientation 0.00
drill  0.800100
shape_offset  0.000000  0.000000
$EndPAD
$PAD "3"
Shape Ovaal Layer both
position -3.810000  3.810000  size  1.501140  2.199640  orientation 0.00
drill  0.800100
shape_offset  0.000000  0.000000
$EndPAD
$PAD "4"
Shape Ovaal Layer both
position -1.270000  3.810000  size  1.501140  2.199640  orientation 0.00
drill  0.800100
shape_offset  0.000000  0.000000
$EndPAD
$PAD "5"
Shape Ovaal Layer both
position  1.270000  3.810000  size  1.501140  2.199640  orientation 0.00
drill  0.800100
shape_offset  0.000000  0.000000
$EndPAD
$PAD "6"
Shape Ovaal Layer both
position  3.810000  3.810000  size  1.501140  2.199640  orientation 0.00
drill  0.800100
shape_offset  0.000000  0.000000
$EndPAD
$PAD "7"
Shape Ovaal Layer both
position  6.350000  3.810000  size  1.501140  2.199640  orientation 0.00
drill  0.800100
shape_offset  0.000000  0.000000
$EndPAD
$PAD "8"
Shape Ovaal Layer both
position  8.890000  3.810000  size  1.501140  2.199640  orientation 0.00
drill  0.800100
shape_offset  0.000000  0.000000
$EndPAD
$PAD "9"
Shape Ovaal Layer both
position  8.890000 -3.810000  size  1.501140  2.199640  orientation 0.00
drill  0.800100
shape_offset  0.000000  0.000000
$EndPAD
$PAD "10"
Shape Ovaal Layer both
position  6.350000 -3.810000  size  1.501140  2.199640  orientation 0.00
drill  0.800100
shape_offset  0.000000  0.000000
$EndPAD
$PAD "11"
Shape Ovaal Layer both
position  3.810000 -3.810000  size  1.501140  2.199640  orientation 0.00
drill  0.800100
shape_offset  0.000000  0.000000
$EndPAD
$PAD "12"
Shape Ovaal Layer both
position  1.270000 -3.810000  size  1.501140  2.199640  orientation 0.00
drill  0.800100
shape_offset  0.000000  0.000000
$EndPAD
$PAD "13"
Shape Ovaal Layer both
position -1.270000 -3.810000  size  1.501140  2.199640  orientation 0.00
drill  0.800100
shape_offset  0.000000  0.000000
$EndPAD
$PAD "14"
Shape Ovaal Layer both
position -3.810000 -3.810000  size  1.501140  2.199640  orientation 0.00
drill  0.800100
shape_offset  0.000000  0.000000
$EndPAD
$PAD "15"
Shape Ovaal Layer both
position -6.350000 -3.810000  size  1.501140  2.199640  orientation 0.00
drill  0.800100
shape_offset  0.000000  0.000000
$EndPAD
$PAD "16"
Shape Ovaal Layer both
position -8.890000 -3.810000  size  1.501140  2.199640  orientation 0.00
drill  0.800100
shape_offset  0.000000  0.000000
$EndPAD
$EndMODULE  U1

$MODULE "U2"
reference "U2"
value "LM358"
footprint "w_pth_circuits:dil_8-300_socket"
attribut none
position 91.500000 87.250000  orientation 0.00
layer front
$PAD "1"
Shape Ovaal Layer both
position -3.810000  3.810000  size  1.501140  2.199640  orientation 0.00
drill  0.800100
shape_offset  0.000000  0.000000
$EndPAD
$PAD "2"
Shape Ovaal Layer both
position -1.270000  3.810000  size  1.501140  2.199640  orientation 0.00
drill  0.800100
shape_offset  0.000000  0.000000
$EndPAD
$PAD "3"
Shape Ovaal Layer both
position  1.270000  3.810000  size  1.501140  2.199640  orientation 0.00
drill  0.800100
shape_offset  0.000000  0.000000
$EndPAD
$PAD "4"
Shape Ovaal Layer both
position  3.810000  3.810000  size  1.501140  2.199640  orientation 0.00
drill  0.800100
shape_offset  0.000000  0.000000
$EndPAD
$PAD "5"
Shape Ovaal Layer both
position  3.810000 -3.810000  size  1.501140  2.199640  orientation 0.00
drill  0.800100
shape_offset  0.000000  0.000000
$EndPAD
$PAD "6"
Shape Ovaal Layer both
position  1.270000 -3.810000  size  1.501140  2.199640  orientation 0.00
drill  0.800100
shape_offset  0.000000  0.000000
$EndPAD
$PAD "7"
Shape Ovaal Layer both
position -1.270000 -3.810000  size  1.501140  2.199640  orientation 0.00
drill  0.800100
shape_offset  0.000000  0.000000
$EndPAD
$PAD "8"
Shape Ovaal Layer both
position -3.810000 -3.810000  size  1.501140  2.199640  orientation 0.00
drill  0.800100
shape_offset  0.000000  0.000000
$EndPAD
$EndMODULE  U2

$MODULE "U3"
reference "U3"
value "SN76489"
footprint "w_pth_circuits:dil_16-300_socket"
attribut none
position 89.000000 67.500000  orientation 0.00
layer front
$PAD "1"
Shape Ovaal Layer both
position -8.890000  3.810000  size  1.501140  2.199640  orientation 0.00
drill  0.800100
shape_offset  0.000000  0.000000
$EndPAD
$PAD "2"
Shape Ovaal Layer both
position -6.350000  3.810000  size  1.501140  2.199640  orientation 0.00
drill  0.800100
shape_offset  0.000000  0.000000
$EndPAD
$PAD "3"
Shape Ovaal Layer both
position -3.810000  3.810000  size  1.501140  2.199640  orientation 0.00
drill  0.800100
shape_offset  0.000000  0.000000
$EndPAD
$PAD "4"
Shape Ovaal Layer both
position -1.270000  3.810000  size  1.501140  2.199640  orientation 0.00
drill  0.800100
shape_offset  0.000000  0.000000
$EndPAD
$PAD "5"
Shape Ovaal Layer both
position  1.270000  3.810000  size  1.501140  2.199640  orientation 0.00
drill  0.800100
shape_offset  0.000000  0.000000
$EndPAD
$PAD "6"
Shape Ovaal Layer both
position  3.810000  3.810000  size  1.501140  2.199640  orientation 0.00
drill  0.800100
shape_offset  0.000000  0.000000
$EndPAD
$PAD "7"
Shape Ovaal Layer both
position  6.350000  3.810000  size  1.501140  2.199640  orientation 0.00
drill  0.800100
shape_offset  0.000000  0.000000
$EndPAD
$PAD "8"
Shape Ovaal Layer both
position  8.890000  3.810000  size  1.501140  2.199640  orientation 0.00
drill  0.800100
shape_offset  0.000000  0.000000
$EndPAD
$PAD "9"
Shape Ovaal Layer both
position  8.890000 -3.810000  size  1.501140  2.199640  orientation 0.00
drill  0.800100
shape_offset  0.000000  0.000000
$EndPAD
$PAD "10"
Shape Ovaal Layer both
position  6.350000 -3.810000  size  1.501140  2.199640  orientation 0.00
drill  0.800100
shape_offset  0.000000  0.000000
$EndPAD
$PAD "11"
Shape Ovaal Layer both
position  3.810000 -3.810000  size  1.501140  2.199640  orientation 0.00
drill  0.800100
shape_offset  0.000000  0.000000
$EndPAD
$PAD "12"
Shape Ovaal Layer both
position  1.270000 -3.810000  size  1.501140  2.199640  orientation 0.00
drill  0.800100
shape_offset  0.000000  0.000000
$EndPAD
$PAD "13"
Shape Ovaal Layer both
position -1.270000 -3.810000  size  1.501140  2.199640  orientation 0.00
drill  0.800100
shape_offset  0.000000  0.000000
$EndPAD
$PAD "14"
Shape Ovaal Layer both
position -3.810000 -3.810000  size  1.501140  2.199640  orientation 0.00
drill  0.800100
shape_offset  0.000000  0.000000
$EndPAD
$PAD "15"
Shape Ovaal Layer both
position -6.350000 -3.810000  size  1.501140  2.199640  orientation 0.00
drill  0.800100
shape_offset  0.000000  0.000000
$EndPAD
$PAD "16"
Shape Ovaal Layer both
position -8.890000 -3.810000  size  1.501140  2.199640  orientation 0.00
drill  0.800100
shape_offset  0.000000  0.000000
$EndPAD
$EndMODULE  U3

$MODULE "C2"
reference "C2"
value "CP_220uF"
footprint "Capacitors_THT:CP_Radial_D8.0mm_P2.50mm"
attribut none
position 74.750000 96.750000  orientation 0.00
layer front
$PAD "1"
Shape Vierkant Layer both
position  0.000000  0.000000  size  1.600000  1.600000  orientation 0.00
drill  0.800000
shape_offset  0.000000  0.000000
$EndPAD
$PAD "2"
Shape Cirkel Layer both
position  2.500000  0.000000  size  1.600000  1.600000  orientation 0.00
drill  0.800000
shape_offset  0.000000  0.000000
$EndPAD
$EndMODULE  C2

$MODULE "R4"
reference "R4"
value "330"
footprint "w_pth_resistors:RC03"
attribut none
position 88.500000 96.750000  orientation 0.00
layer front
$PAD "1"
Shape Cirkel Layer both
position -3.810000  0.000000  size  1.998980  1.998980  orientation 0.00
drill  0.800100
shape_offset  0.000000  0.000000
$EndPAD
$PAD "2"
Shape Cirkel Layer both
position  3.810000  0.000000  size  1.998980  1.998980  orientation 0.00
drill  0.800100
shape_offset  0.000000  0.000000
$EndPAD
$EndMODULE  R4

$MODULE "J2"
reference "J2"
value "audio_debug"
footprint "Pin_Headers:Pin_Header_Angled_1x03_Pitch2.54mm"
attribut none
position 87.750000 55.750000  orientation 90.00
layer front
$PAD "1"
Shape Vierkant Layer both
position  0.000000  0.000000  size  1.700000  1.700000  orientation 0.00
drill  1.000000
shape_offset  0.000000  0.000000
$EndPAD
$PAD "2"
Shape Ovaal Layer both
position  0.000000  2.540000  size  1.700000  1.700000  orientation 0.00
drill  1.000000
shape_offset  0.000000  0.000000
$EndPAD
$PAD "3"
Shape Ovaal Layer both
position  0.000000  5.080000  size  1.700000  1.700000  orientation 0.00
drill  1.000000
shape_offset  0.000000  0.000000
$EndPAD
$EndMODULE  J2

$EndDESCRIPTION
